Symbol range map extraction starting
Processing 32 files
startProcessing "com/moresnowballs/moresnowballsmod/MoreSnowballsMod.java" md5: 4671cd5d077272fef50ad2a022054a5b
endProcessing "com/moresnowballs/moresnowballsmod/MoreSnowballsMod.java"

startProcessing "com/moresnowballs/moresnowballsmod/creativetab/MoreSnowballsTab.java" md5: a83cee81f1c4498b25c5d9492b3cabeb
endProcessing "com/moresnowballs/moresnowballsmod/creativetab/MoreSnowballsTab.java"

startProcessing "com/moresnowballs/moresnowballsmod/entity/EntityCustomSnowball.java" md5: 86ab957f9f1eb06ed563ba020504f013
endProcessing "com/moresnowballs/moresnowballsmod/entity/EntityCustomSnowball.java"

startProcessing "com/moresnowballs/moresnowballsmod/entity/EntityFireSnowball.java" md5: 1c09fd053e73f95cb4d3639db84d521b
endProcessing "com/moresnowballs/moresnowballsmod/entity/EntityFireSnowball.java"

startProcessing "com/moresnowballs/moresnowballsmod/entity/EntityFlintSnowball.java" md5: 9dbea50a2ca1f4c6eea1693279a04d91
endProcessing "com/moresnowballs/moresnowballsmod/entity/EntityFlintSnowball.java"

startProcessing "com/moresnowballs/moresnowballsmod/entity/EntityGumSnowball.java" md5: 528fb137063b995d722f08aba36d9dfc
endProcessing "com/moresnowballs/moresnowballsmod/entity/EntityGumSnowball.java"

startProcessing "com/moresnowballs/moresnowballsmod/entity/EntityPoisonSnowball.java" md5: 2bb8f1c4f478af48ea944ffcb624c052
endProcessing "com/moresnowballs/moresnowballsmod/entity/EntityPoisonSnowball.java"

startProcessing "com/moresnowballs/moresnowballsmod/entity/EntityTNTSnowball.java" md5: 5ebbd02b48215e6a8dcdd0e4397540ab
endProcessing "com/moresnowballs/moresnowballsmod/entity/EntityTNTSnowball.java"

startProcessing "com/moresnowballs/moresnowballsmod/entity/EntityWitherSnowball.java" md5: 633e332696dd6fc6098a69b2b2f500a3
endProcessing "com/moresnowballs/moresnowballsmod/entity/EntityWitherSnowball.java"

startProcessing "com/moresnowballs/moresnowballsmod/entity/EntityZombieSnowball.java" md5: 08859c3d06a35c276e72e3c5a276f301
endProcessing "com/moresnowballs/moresnowballsmod/entity/EntityZombieSnowball.java"

startProcessing "com/moresnowballs/moresnowballsmod/event/EventHandlerClient.java" md5: 44bf0b6cb36d9ed51012c68ea7864c22
endProcessing "com/moresnowballs/moresnowballsmod/event/EventHandlerClient.java"

startProcessing "com/moresnowballs/moresnowballsmod/item/ItemFireSnowball.java" md5: 575b39bd8c37f48622a30c8b6dca5192
endProcessing "com/moresnowballs/moresnowballsmod/item/ItemFireSnowball.java"

startProcessing "com/moresnowballs/moresnowballsmod/item/ItemFlintSnowball.java" md5: 74b8c860f4d28b5c22831f9ab5a85612
endProcessing "com/moresnowballs/moresnowballsmod/item/ItemFlintSnowball.java"

startProcessing "com/moresnowballs/moresnowballsmod/item/ItemGumSnowball.java" md5: cd0704a8c3e87df6d9fd14bd242544d7
endProcessing "com/moresnowballs/moresnowballsmod/item/ItemGumSnowball.java"

startProcessing "com/moresnowballs/moresnowballsmod/item/ItemPoisonSnowball.java" md5: a69bbff0a53a6702a185ded2ff19b865
endProcessing "com/moresnowballs/moresnowballsmod/item/ItemPoisonSnowball.java"

startProcessing "com/moresnowballs/moresnowballsmod/item/ItemTNTSnowball.java" md5: 5afe0e5484ccbbe3d4b465912a581561
endProcessing "com/moresnowballs/moresnowballsmod/item/ItemTNTSnowball.java"

startProcessing "com/moresnowballs/moresnowballsmod/item/ItemWitherSnowball.java" md5: 4e602d5ba85eae0bda6a6525684ba91a
endProcessing "com/moresnowballs/moresnowballsmod/item/ItemWitherSnowball.java"

startProcessing "com/moresnowballs/moresnowballsmod/item/ItemZombieSnowball.java" md5: a910a0f352e101b8ef352f7efafe96bf
endProcessing "com/moresnowballs/moresnowballsmod/item/ItemZombieSnowball.java"

startProcessing "com/moresnowballs/moresnowballsmod/item/SnowballBase.java" md5: 3b5deb68824b6efde7995c5351aa8e79
endProcessing "com/moresnowballs/moresnowballsmod/item/SnowballBase.java"

startProcessing "com/moresnowballs/moresnowballsmod/model/ModelSnowball.java" md5: 941d53581f734926cda5e11f19be8855
endProcessing "com/moresnowballs/moresnowballsmod/model/ModelSnowball.java"

startProcessing "com/moresnowballs/moresnowballsmod/proxy/ClientProxy.java" md5: f2f9038d443690d8ac7bfab7bda9e6c3
endProcessing "com/moresnowballs/moresnowballsmod/proxy/ClientProxy.java"

startProcessing "com/moresnowballs/moresnowballsmod/proxy/CommonProxy.java" md5: e34c00024cd0daf531570b73a2c8e7aa
endProcessing "com/moresnowballs/moresnowballsmod/proxy/CommonProxy.java"

startProcessing "com/moresnowballs/moresnowballsmod/proxy/ServerProxy.java" md5: 5b187fe8416af8cdbbb1bdc59b759f2a
endProcessing "com/moresnowballs/moresnowballsmod/proxy/ServerProxy.java"

startProcessing "com/moresnowballs/moresnowballsmod/registry/ModItems.java" md5: c2d9030ca07d99e7ce97f9f203a97c22
endProcessing "com/moresnowballs/moresnowballsmod/registry/ModItems.java"

startProcessing "com/moresnowballs/moresnowballsmod/renderer/RenderCustomSnowball.java" md5: b3809c002f2266e9c5ab2f89338f5ecc
endProcessing "com/moresnowballs/moresnowballsmod/renderer/RenderCustomSnowball.java"

startProcessing "com/moresnowballs/moresnowballsmod/renderer/RenderFireSnowball.java" md5: 963d2e8023fc20170d10360312c2670a
endProcessing "com/moresnowballs/moresnowballsmod/renderer/RenderFireSnowball.java"

startProcessing "com/moresnowballs/moresnowballsmod/renderer/RenderFlintSnowball.java" md5: a6b3efb7086bbde1453ea36bf84aa8b2
endProcessing "com/moresnowballs/moresnowballsmod/renderer/RenderFlintSnowball.java"

startProcessing "com/moresnowballs/moresnowballsmod/renderer/RenderGumSnowball.java" md5: 3b764de8e759ef5d66ea776ca54c87d7
endProcessing "com/moresnowballs/moresnowballsmod/renderer/RenderGumSnowball.java"

startProcessing "com/moresnowballs/moresnowballsmod/renderer/RenderPoisonSnowball.java" md5: 3da5ba473878d299dfb5d633e565ac2d
endProcessing "com/moresnowballs/moresnowballsmod/renderer/RenderPoisonSnowball.java"

startProcessing "com/moresnowballs/moresnowballsmod/renderer/RenderTNTSnowball.java" md5: 88c188a0adb75a78c43714a81daa4125
endProcessing "com/moresnowballs/moresnowballsmod/renderer/RenderTNTSnowball.java"

startProcessing "com/moresnowballs/moresnowballsmod/renderer/RenderWitherSnowball.java" md5: 32c29ff4390ba11dfa74b93d2fccf6bb
endProcessing "com/moresnowballs/moresnowballsmod/renderer/RenderWitherSnowball.java"

startProcessing "com/moresnowballs/moresnowballsmod/renderer/RenderZombieSnowball.java" md5: 848bfd435057f90fb7073465d9d3c330
endProcessing "com/moresnowballs/moresnowballsmod/renderer/RenderZombieSnowball.java"

